Flow report for parallel_port
Mon Oct 31 21:29:10 2016
Quartus Prime Version 16.0.0 Build 211 04/27/2016 SJ Lite Edition


---------------------
; Table of Contents ;
---------------------
  1. Legal Notice
  2. Flow Summary
  3. Flow Settings
  4. Flow Non-Default Global Settings
  5. Flow Elapsed Time
  6. Flow OS Summary
  7. Flow Log
  8. Flow Messages
  9. Flow Suppressed Messages



----------------
; Legal Notice ;
----------------
Copyright (C) 1991-2016 Altera Corporation. All rights reserved.
Your use of Altera Corporation's design tools, logic functions 
and other software and tools, and its AMPP partner logic 
functions, and any output files from any of the foregoing 
(including device programming or simulation files), and any 
associated documentation or information are expressly subject 
to the terms and conditions of the Altera Program License 
Subscription Agreement, the Altera Quartus Prime License Agreement,
the Altera MegaCore Function License Agreement, or other 
applicable license agreement, including, without limitation, 
that your use is for the sole purpose of programming logic 
devices manufactured by Altera and sold by Altera or its 
authorized distributors.  Please refer to the applicable 
agreement for further details.



+-------------------------------------------------------------------------------+
; Flow Summary                                                                  ;
+---------------------------------+---------------------------------------------+
; Flow Status                     ; Successful - Mon Oct 31 21:29:10 2016       ;
; Quartus Prime Version           ; 16.0.0 Build 211 04/27/2016 SJ Lite Edition ;
; Revision Name                   ; parallel_port                               ;
; Top-level Entity Name           ; de0_nano_soc_baseline                       ;
; Family                          ; Cyclone V                                   ;
; Device                          ; 5CSEMA4U23C6                                ;
; Timing Models                   ; Final                                       ;
; Logic utilization (in ALMs)     ; 1 / 15,880 ( < 1 % )                        ;
; Total registers                 ; 0                                           ;
; Total pins                      ; 17 / 314 ( 5 % )                            ;
; Total virtual pins              ; 0                                           ;
; Total block memory bits         ; 0 / 2,764,800 ( 0 % )                       ;
; Total DSP Blocks                ; 0 / 84 ( 0 % )                              ;
; Total HSSI RX PCSs              ; 0                                           ;
; Total HSSI PMA RX Deserializers ; 0                                           ;
; Total HSSI TX PCSs              ; 0                                           ;
; Total HSSI PMA TX Serializers   ; 0                                           ;
; Total PLLs                      ; 0 / 5 ( 0 % )                               ;
; Total DLLs                      ; 0 / 4 ( 0 % )                               ;
+---------------------------------+---------------------------------------------+


+-----------------------------------------+
; Flow Settings                           ;
+-------------------+---------------------+
; Option            ; Setting             ;
+-------------------+---------------------+
; Start date & time ; 10/31/2016 21:28:12 ;
; Main task         ; Compilation         ;
; Revision Name     ; parallel_port       ;
+-------------------+---------------------+


+--------------------------------------------------------------------------------------------------------------------------------------+
; Flow Non-Default Global Settings                                                                                                     ;
+-------------------------------------+---------------------------------------+---------------+-----------------------+----------------+
; Assignment Name                     ; Value                                 ; Default Value ; Entity Name           ; Section Id     ;
+-------------------------------------+---------------------------------------+---------------+-----------------------+----------------+
; COMPILER_SIGNATURE_ID               ; 1098258261821.147794569208124         ; --            ; --                    ; --             ;
; EDA_OUTPUT_DATA_FORMAT              ; Vhdl                                  ; --            ; --                    ; eda_simulation ;
; EDA_SIMULATION_TOOL                 ; ModelSim-Altera (VHDL)                ; <None>        ; --                    ; --             ;
; MAX_CORE_JUNCTION_TEMP              ; 85                                    ; --            ; --                    ; --             ;
; MIN_CORE_JUNCTION_TEMP              ; 0                                     ; --            ; --                    ; --             ;
; PARTITION_COLOR                     ; 16764057                              ; --            ; de0_nano_soc_baseline ; Top            ;
; PARTITION_FITTER_PRESERVATION_LEVEL ; PLACEMENT_AND_ROUTING                 ; --            ; de0_nano_soc_baseline ; Top            ;
; PARTITION_NETLIST_TYPE              ; SOURCE                                ; --            ; de0_nano_soc_baseline ; Top            ;
; POWER_BOARD_THERMAL_MODEL           ; None (CONSERVATIVE)                   ; --            ; --                    ; --             ;
; POWER_PRESET_COOLING_SOLUTION       ; 23 MM HEAT SINK WITH 200 LFPM AIRFLOW ; --            ; --                    ; --             ;
; PROJECT_OUTPUT_DIRECTORY            ; output_files                          ; --            ; --                    ; --             ;
; TOP_LEVEL_ENTITY                    ; de0_nano_soc_baseline                 ; parallel_port ; --                    ; --             ;
+-------------------------------------+---------------------------------------+---------------+-----------------------+----------------+


+-------------------------------------------------------------------------------------------------------------------------------+
; Flow Elapsed Time                                                                                                             ;
+---------------------------+--------------+-------------------------+---------------------+------------------------------------+
; Module Name               ; Elapsed Time ; Average Processors Used ; Peak Virtual Memory ; Total CPU Time (on all processors) ;
+---------------------------+--------------+-------------------------+---------------------+------------------------------------+
; Analysis & Synthesis      ; 00:00:13     ; 1.0                     ; 944 MB              ; 00:00:30                           ;
; Fitter                    ; 00:00:29     ; 1.0                     ; 1897 MB             ; 00:00:33                           ;
; Assembler                 ; 00:00:05     ; 1.0                     ; 896 MB              ; 00:00:05                           ;
; TimeQuest Timing Analyzer ; 00:00:06     ; 1.0                     ; 1091 MB             ; 00:00:05                           ;
; EDA Netlist Writer        ; 00:00:02     ; 1.0                     ; 809 MB              ; 00:00:01                           ;
; Total                     ; 00:00:55     ; --                      ; --                  ; 00:01:14                           ;
+---------------------------+--------------+-------------------------+---------------------+------------------------------------+


+-----------------------------------------------------------------------------------------+
; Flow OS Summary                                                                         ;
+---------------------------+-------------------+-----------+------------+----------------+
; Module Name               ; Machine Hostname  ; OS Name   ; OS Version ; Processor type ;
+---------------------------+-------------------+-----------+------------+----------------+
; Analysis & Synthesis      ; Acer-Aspire-Nitro ; Windows 8 ; 6.2        ; x86_64         ;
; Fitter                    ; Acer-Aspire-Nitro ; Windows 8 ; 6.2        ; x86_64         ;
; Assembler                 ; Acer-Aspire-Nitro ; Windows 8 ; 6.2        ; x86_64         ;
; TimeQuest Timing Analyzer ; Acer-Aspire-Nitro ; Windows 8 ; 6.2        ; x86_64         ;
; EDA Netlist Writer        ; Acer-Aspire-Nitro ; Windows 8 ; 6.2        ; x86_64         ;
+---------------------------+-------------------+-----------+------------+----------------+


------------
; Flow Log ;
------------
quartus_map --read_settings_files=on --write_settings_files=off parallel_port -c parallel_port
quartus_fit --read_settings_files=off --write_settings_files=off parallel_port -c parallel_port
quartus_asm --read_settings_files=off --write_settings_files=off parallel_port -c parallel_port
quartus_sta parallel_port -c parallel_port
quartus_eda --read_settings_files=off --write_settings_files=off parallel_port -c parallel_port



