Info: Starting: Create block symbol file (.bsf)
Info: qsys-generate "Z:\My Documents\Embedded Systems\FPGA_EPFL\PWM_module\hw\quartus\system.qsys" --block-symbol-file --output-directory="Z:\My Documents\Embedded Systems\FPGA_EPFL\PWM_module\hw\quartus\system" --family="Cyclone V" --part=5CSEMA4U23C6
Progress: Loading quartus/system.qsys
Progress: Reading input file
Progress: Adding clk_0 [clock_source 16.0]
Progress: Parameterizing module clk_0
Progress: Adding jtag_uart_0 [altera_avalon_jtag_uart 16.0]
Progress: Parameterizing module jtag_uart_0
Progress: Adding nios2_gen2_0 [altera_nios2_gen2 16.0]
Progress: Parameterizing module nios2_gen2_0
Progress: Adding onchip_memory2_0 [altera_avalon_onchip_memory2 16.0]
Progress: Parameterizing module onchip_memory2_0
Progress: Adding pwm_module_0 [pwm_module 1.0]
Progress: Parameterizing module pwm_module_0
Progress: Building connections
Progress: Parameterizing connections
Progress: Validating
Progress: Done reading input file
Info: system.jtag_uart_0: JTAG UART IP input clock need to be at least double (2x) the operating frequency of JTAG TCK on board
Info: qsys-generate succeeded.
Info: Finished: Create block symbol file (.bsf)
Info: 
Info: Starting: Create HDL design files for synthesis
Info: qsys-generate "Z:\My Documents\Embedded Systems\FPGA_EPFL\PWM_module\hw\quartus\system.qsys" --synthesis=VHDL --output-directory="Z:\My Documents\Embedded Systems\FPGA_EPFL\PWM_module\hw\quartus\system\synthesis" --family="Cyclone V" --part=5CSEMA4U23C6
Progress: Loading quartus/system.qsys
Progress: Reading input file
Progress: Adding clk_0 [clock_source 16.0]
Progress: Parameterizing module clk_0
Progress: Adding jtag_uart_0 [altera_avalon_jtag_uart 16.0]
Progress: Parameterizing module jtag_uart_0
Progress: Adding nios2_gen2_0 [altera_nios2_gen2 16.0]
Progress: Parameterizing module nios2_gen2_0
Progress: Adding onchip_memory2_0 [altera_avalon_onchip_memory2 16.0]
Progress: Parameterizing module onchip_memory2_0
Progress: Adding pwm_module_0 [pwm_module 1.0]
Progress: Parameterizing module pwm_module_0
Progress: Building connections
Progress: Parameterizing connections
Progress: Validating
Progress: Done reading input file
Info: system.jtag_uart_0: JTAG UART IP input clock need to be at least double (2x) the operating frequency of JTAG TCK on board
Info: system: Generating system "system" for QUARTUS_SYNTH
Info: jtag_uart_0: Starting RTL generation for module 'system_jtag_uart_0'
Info: jtag_uart_0:   Generation command is [exec C:/altera_lite/16.0/quartus/bin64/perl/bin/perl.exe -I C:/altera_lite/16.0/quartus/bin64/perl/lib -I C:/altera_lite/16.0/quartus/sopc_builder/bin/europa -I C:/altera_lite/16.0/quartus/sopc_builder/bin/perl_lib -I C:/altera_lite/16.0/quartus/sopc_builder/bin -I C:/altera_lite/16.0/quartus/../ip/altera/sopc_builder_ip/common -I C:/altera_lite/16.0/quartus/../ip/altera/sopc_builder_ip/altera_avalon_jtag_uart -- C:/altera_lite/16.0/quartus/../ip/altera/sopc_builder_ip/altera_avalon_jtag_uart/generate_rtl.pl --name=system_jtag_uart_0 --dir=C:/Users/qfrancoi/AppData/Local/Temp/alt7112_8548843597411741230.dir/0002_jtag_uart_0_gen/ --quartus_dir=C:/altera_lite/16.0/quartus --verilog --config=C:/Users/qfrancoi/AppData/Local/Temp/alt7112_8548843597411741230.dir/0002_jtag_uart_0_gen//system_jtag_uart_0_component_configuration.pl  --do_build_sim=0  ]
Info: jtag_uart_0: Done RTL generation for module 'system_jtag_uart_0'
Info: jtag_uart_0: "system" instantiated altera_avalon_jtag_uart "jtag_uart_0"
Info: nios2_gen2_0: "system" instantiated altera_nios2_gen2 "nios2_gen2_0"
Info: onchip_memory2_0: Starting RTL generation for module 'system_onchip_memory2_0'
Info: onchip_memory2_0:   Generation command is [exec C:/altera_lite/16.0/quartus/bin64/perl/bin/perl.exe -I C:/altera_lite/16.0/quartus/bin64/perl/lib -I C:/altera_lite/16.0/quartus/sopc_builder/bin/europa -I C:/altera_lite/16.0/quartus/sopc_builder/bin/perl_lib -I C:/altera_lite/16.0/quartus/sopc_builder/bin -I C:/altera_lite/16.0/quartus/../ip/altera/sopc_builder_ip/common -I C:/altera_lite/16.0/quartus/../ip/altera/sopc_builder_ip/altera_avalon_onchip_memory2 -- C:/altera_lite/16.0/quartus/../ip/altera/sopc_builder_ip/altera_avalon_onchip_memory2/generate_rtl.pl --name=system_onchip_memory2_0 --dir=C:/Users/qfrancoi/AppData/Local/Temp/alt7112_8548843597411741230.dir/0003_onchip_memory2_0_gen/ --quartus_dir=C:/altera_lite/16.0/quartus --verilog --config=C:/Users/qfrancoi/AppData/Local/Temp/alt7112_8548843597411741230.dir/0003_onchip_memory2_0_gen//system_onchip_memory2_0_component_configuration.pl  --do_build_sim=0  ]
Info: onchip_memory2_0: Done RTL generation for module 'system_onchip_memory2_0'
Info: onchip_memory2_0: "system" instantiated altera_avalon_onchip_memory2 "onchip_memory2_0"
Info: pwm_module_0: "system" instantiated pwm_module "pwm_module_0"
Info: avalon_st_adapter: Inserting error_adapter: error_adapter_0
Info: avalon_st_adapter_001: Inserting error_adapter: error_adapter_0
Info: avalon_st_adapter_002: Inserting error_adapter: error_adapter_0
Info: avalon_st_adapter_003: Inserting error_adapter: error_adapter_0
Info: mm_interconnect_0: "system" instantiated altera_mm_interconnect "mm_interconnect_0"
Info: irq_mapper: "system" instantiated altera_irq_mapper "irq_mapper"
Info: rst_controller: "system" instantiated altera_reset_controller "rst_controller"
Info: cpu: Starting RTL generation for module 'system_nios2_gen2_0_cpu'
Info: cpu:   Generation command is [exec C:/altera_lite/16.0/quartus/bin64//eperlcmd.exe -I C:/altera_lite/16.0/quartus/bin64//perl/lib -I C:/altera_lite/16.0/quartus/sopc_builder/bin/europa -I C:/altera_lite/16.0/quartus/sopc_builder/bin/perl_lib -I C:/altera_lite/16.0/quartus/sopc_builder/bin -I C:/altera_lite/16.0/quartus/../ip/altera/nios2_ip/altera_nios2_gen2/cpu_lib -I C:/altera_lite/16.0/quartus/../ip/altera/nios2_ip/altera_nios2_gen2/nios_lib -I C:/altera_lite/16.0/quartus/../ip/altera/nios2_ip/altera_nios2_gen2 -I C:/altera_lite/16.0/quartus/../ip/altera/nios2_ip/altera_nios2_gen2 -- C:/altera_lite/16.0/quartus/../ip/altera/nios2_ip/altera_nios2_gen2/generate_rtl.epl --name=system_nios2_gen2_0_cpu --dir=C:/Users/qfrancoi/AppData/Local/Temp/alt7112_8548843597411741230.dir/0007_cpu_gen/ --quartus_bindir=C:/altera_lite/16.0/quartus/bin64/ --verilog --config=C:/Users/qfrancoi/AppData/Local/Temp/alt7112_8548843597411741230.dir/0007_cpu_gen//system_nios2_gen2_0_cpu_processor_configuration.pl  --do_build_sim=0  ]
Info: cpu: # 2016.11.07 10:10:08 (*) Starting Nios II generation
Info: cpu: # 2016.11.07 10:10:08 (*)   Checking for plaintext license.
Info: cpu: # 2016.11.07 10:10:10 (*)   Couldn't query license setup in Quartus directory C:/altera_lite/16.0/quartus/bin64/
Info: cpu: # 2016.11.07 10:10:10 (*)   Defaulting to contents of LM_LICENSE_FILE environment variable
Info: cpu: # 2016.11.07 10:10:10 (*)   LM_LICENSE_FILE environment variable is empty
Info: cpu: # 2016.11.07 10:10:10 (*)   Plaintext license not found.
Info: cpu: # 2016.11.07 10:10:10 (*)   Checking for encrypted license (non-evaluation).
Info: cpu: # 2016.11.07 10:10:10 (*)   Couldn't query license setup in Quartus directory C:/altera_lite/16.0/quartus/bin64/
Info: cpu: # 2016.11.07 10:10:10 (*)   Defaulting to contents of LM_LICENSE_FILE environment variable
Info: cpu: # 2016.11.07 10:10:10 (*)   LM_LICENSE_FILE environment variable is empty
Info: cpu: # 2016.11.07 10:10:11 (*)   Encrypted license found.  SOF will not be time-limited.
Info: cpu: # 2016.11.07 10:10:11 (*)   Elaborating CPU configuration settings
Info: cpu: # 2016.11.07 10:10:11 (*)   Creating all objects for CPU
Info: cpu: # 2016.11.07 10:10:11 (*)     Testbench
Info: cpu: # 2016.11.07 10:10:11 (*)     Instruction decoding
Info: cpu: # 2016.11.07 10:10:11 (*)       Instruction fields
Info: cpu: # 2016.11.07 10:10:11 (*)       Instruction decodes
Info: cpu: # 2016.11.07 10:10:11 (*)       Signals for RTL simulation waveforms
Info: cpu: # 2016.11.07 10:10:11 (*)       Instruction controls
Info: cpu: # 2016.11.07 10:10:12 (*)     Pipeline frontend
Info: cpu: # 2016.11.07 10:10:12 (*)     Pipeline backend
Info: cpu: # 2016.11.07 10:10:14 (*)   Generating RTL from CPU objects
Info: cpu: # 2016.11.07 10:10:15 (*)   Creating encrypted RTL
Info: cpu: # 2016.11.07 10:10:16 (*) Done Nios II generation
Info: cpu: Done RTL generation for module 'system_nios2_gen2_0_cpu'
Info: cpu: "nios2_gen2_0" instantiated altera_nios2_gen2_unit "cpu"
Info: nios2_gen2_0_data_master_translator: "mm_interconnect_0" instantiated altera_merlin_master_translator "nios2_gen2_0_data_master_translator"
Info: jtag_uart_0_avalon_jtag_slave_translator: "mm_interconnect_0" instantiated altera_merlin_slave_translator "jtag_uart_0_avalon_jtag_slave_translator"
Info: nios2_gen2_0_data_master_agent: "mm_interconnect_0" instantiated altera_merlin_master_agent "nios2_gen2_0_data_master_agent"
Info: jtag_uart_0_avalon_jtag_slave_agent: "mm_interconnect_0" instantiated altera_merlin_slave_agent "jtag_uart_0_avalon_jtag_slave_agent"
Info: jtag_uart_0_avalon_jtag_slave_agent_rsp_fifo: "mm_interconnect_0" instantiated altera_avalon_sc_fifo "jtag_uart_0_avalon_jtag_slave_agent_rsp_fifo"
Info: router: "mm_interconnect_0" instantiated altera_merlin_router "router"
Info: router_001: "mm_interconnect_0" instantiated altera_merlin_router "router_001"
Info: router_002: "mm_interconnect_0" instantiated altera_merlin_router "router_002"
Info: router_003: "mm_interconnect_0" instantiated altera_merlin_router "router_003"
Info: router_004: "mm_interconnect_0" instantiated altera_merlin_router "router_004"
Info: router_005: "mm_interconnect_0" instantiated altera_merlin_router "router_005"
Info: nios2_gen2_0_data_master_limiter: "mm_interconnect_0" instantiated altera_merlin_traffic_limiter "nios2_gen2_0_data_master_limiter"
Info: Reusing file Z:/My Documents/Embedded Systems/FPGA_EPFL/PWM_module/hw/quartus/system/synthesis/submodules/altera_avalon_sc_fifo.v
Info: pwm_module_0_avalon_slave_0_burst_adapter: "mm_interconnect_0" instantiated altera_merlin_burst_adapter "pwm_module_0_avalon_slave_0_burst_adapter"
Info: Reusing file Z:/My Documents/Embedded Systems/FPGA_EPFL/PWM_module/hw/quartus/system/synthesis/submodules/altera_avalon_st_pipeline_base.v
Info: cmd_demux: "mm_interconnect_0" instantiated altera_merlin_demultiplexer "cmd_demux"
Info: cmd_demux_001: "mm_interconnect_0" instantiated altera_merlin_demultiplexer "cmd_demux_001"
Info: cmd_mux: "mm_interconnect_0" instantiated altera_merlin_multiplexer "cmd_mux"
Info: cmd_mux_002: "mm_interconnect_0" instantiated altera_merlin_multiplexer "cmd_mux_002"
Info: Reusing file Z:/My Documents/Embedded Systems/FPGA_EPFL/PWM_module/hw/quartus/system/synthesis/submodules/altera_merlin_arbitrator.sv
Info: rsp_demux: "mm_interconnect_0" instantiated altera_merlin_demultiplexer "rsp_demux"
Info: rsp_demux_002: "mm_interconnect_0" instantiated altera_merlin_demultiplexer "rsp_demux_002"
Info: rsp_mux: "mm_interconnect_0" instantiated altera_merlin_multiplexer "rsp_mux"
Info: Reusing file Z:/My Documents/Embedded Systems/FPGA_EPFL/PWM_module/hw/quartus/system/synthesis/submodules/altera_merlin_arbitrator.sv
Info: rsp_mux_001: "mm_interconnect_0" instantiated altera_merlin_multiplexer "rsp_mux_001"
Info: Reusing file Z:/My Documents/Embedded Systems/FPGA_EPFL/PWM_module/hw/quartus/system/synthesis/submodules/altera_merlin_arbitrator.sv
Info: pwm_module_0_avalon_slave_0_rsp_width_adapter: "mm_interconnect_0" instantiated altera_merlin_width_adapter "pwm_module_0_avalon_slave_0_rsp_width_adapter"
Info: Reusing file Z:/My Documents/Embedded Systems/FPGA_EPFL/PWM_module/hw/quartus/system/synthesis/submodules/altera_merlin_address_alignment.sv
Info: Reusing file Z:/My Documents/Embedded Systems/FPGA_EPFL/PWM_module/hw/quartus/system/synthesis/submodules/altera_merlin_burst_uncompressor.sv
Info: avalon_st_adapter: "mm_interconnect_0" instantiated altera_avalon_st_adapter "avalon_st_adapter"
Info: avalon_st_adapter_001: "mm_interconnect_0" instantiated altera_avalon_st_adapter "avalon_st_adapter_001"
Info: error_adapter_0: "avalon_st_adapter" instantiated error_adapter "error_adapter_0"
Info: error_adapter_0: "avalon_st_adapter_001" instantiated error_adapter "error_adapter_0"
Info: system: Done "system" with 35 modules, 63 files
Info: qsys-generate succeeded.
Info: Finished: Create HDL design files for synthesis
